<!DOCTYPE html PUBLIC "-//W3C//DTD XHTML 1.1//EN" "http://www.w3.org/TR/xhtml11/DTD/xhtml11.dtd">
<html xmlns="http://www.w3.org/1999/xhtml">
<head>
<meta http-equiv="content-type" content="text/html; charset=UTF-8"/>
<title>TestNG Report</title>
<style type="text/css">table {margin-bottom:10px;border-collapse:collapse;empty-cells:show}th,td {border:1px solid #009;padding:.25em .5em}th {vertical-align:bottom}td {vertical-align:top}table a {font-weight:bold}.stripe td {background-color: #E6EBF9}.num {text-align:right}.passedodd td {background-color: #3F3}.passedeven td {background-color: #0A0}.skippedodd td {background-color: #DDD}.skippedeven td {background-color: #CCC}.failedodd td,.attn {background-color: #F33}.failedeven td,.stripe .attn {background-color: #D00}.stacktrace {white-space:pre;font-family:monospace}.totop {font-size:85%;text-align:center;border-bottom:2px solid #000}.invisible {display:none}</style>
</head>
<body>
<table>
<tr><th>Test</th><th># Passed</th><th># Skipped</th><th># Failed</th><th>Time (ms)</th><th>Included Groups</th><th>Excluded Groups</th></tr>
<tr><th colspan="7">softwaretestingmaterial</th></tr>
<tr><td><a href="#t0">testngTest</a></td><td class="num">1</td><td class="num">0</td><td class="num attn">1</td><td class="num">197,705</td><td></td><td></td></tr>
</table>
<table id='summary'><thead><tr><th>Class</th><th>Method</th><th>Start</th><th>Time (ms)</th></tr></thead><tbody><tr><th colspan="4">softwaretestingmaterial</th></tr></tbody><tbody id="t0"><tr><th colspan="4">testngTest &#8212; failed</th></tr><tr class="failedeven"><td rowspan="1">runner.formRunner</td><td><a href="#m0">feature</a></td><td rowspan="1">1550230405555</td><td rowspan="1">160922</td></tr><tr><th colspan="4">testngTest &#8212; passed</th></tr><tr class="passedeven"><td rowspan="1">runner.toolsQaRunner</td><td><a href="#m1">feature</a></td><td rowspan="1">1550230369945</td><td rowspan="1">35526</td></tr></tbody>
</table>
<h2>testngTest</h2><h3 id="m0">runner.formRunner#feature</h3><table class="result"><tr class="param"><th>Parameter #1</th></tr><tr class="param stripe"><td>Forms</td></tr><tr><th>Messages</th></tr><tr><td><div class="messages">0gg to submit<br/>1gg to submit<br/>2gg to submit<br/>3gg to submit<br/>4gg to submit<br/>5gg to submit<br/>6gg to submit</div></td></tr><tr><th>Exception</th></tr><tr><td><div class="stacktrace">cucumber.runtime.CucumberException: java.lang.AssertionError: expected [true] but found [false]
	at cucumber.api.testng.TestNGCucumberRunner.runCucumber(TestNGCucumberRunner.java:69)
	at cucumber.api.testng.AbstractTestNGCucumberTests.feature(AbstractTestNGCucumberTests.java:21)
Caused by: java.lang.AssertionError: expected [true] but found [false]
	at steps.formStep.getResponsePage(formStep.java:70)
	at âœ½.Then I should see the submitted page(src/main/java/feature/fillOutForms.feature:16)
... Removed 28 stack frames</div></td></tr></table><p class="totop"><a href="#summary">back to summary</a></p>
<h3 id="m1">runner.toolsQaRunner#feature</h3><table class="result"><tr class="param"><th>Parameter #1</th></tr><tr class="param stripe"><td>ToolsQa</td></tr></table><p class="totop"><a href="#summary">back to summary</a></p>
</body>
</html>
