<?xml version="1.0" encoding="UTF-8"?>
<testng-results skipped="0" failed="1" ignored="0" total="2" passed="1">
  <reporter-output>
    <line>
      <![CDATA[0gg to submit]]>
    </line>
    <line>
      <![CDATA[1gg to submit]]>
    </line>
    <line>
      <![CDATA[2gg to submit]]>
    </line>
    <line>
      <![CDATA[3gg to submit]]>
    </line>
    <line>
      <![CDATA[4gg to submit]]>
    </line>
    <line>
      <![CDATA[5gg to submit]]>
    </line>
    <line>
      <![CDATA[6gg to submit]]>
    </line>
  </reporter-output>
  <suite name="softwaretestingmaterial" duration-ms="197705" started-at="2019-02-15T11:32:48Z" finished-at="2019-02-15T11:36:06Z">
    <groups>
      <group name="cucumber">
        <method signature="AbstractTestNGCucumberTests.feature(cucumber.api.testng.CucumberFeatureWrapper)[pri:0, instance:runner.formRunner@668bc3d5]" name="feature" class="cucumber.api.testng.AbstractTestNGCucumberTests"/>
        <method signature="AbstractTestNGCucumberTests.feature(cucumber.api.testng.CucumberFeatureWrapper)[pri:0, instance:runner.toolsQaRunner@380fb434]" name="feature" class="cucumber.api.testng.AbstractTestNGCucumberTests"/>
      </group> <!-- cucumber -->
    </groups>
    <test name="testngTest" duration-ms="197705" started-at="2019-02-15T11:32:48Z" finished-at="2019-02-15T11:36:06Z">
      <class name="runner.toolsQaRunner">
        <test-method status="PASS" signature="setUpClass()[pri:0, instance:runner.toolsQaRunner@380fb434]" name="setUpClass" is-config="true" duration-ms="852" started-at="2019-02-15T11:32:48Z" finished-at="2019-02-15T11:32:49Z">
          <reporter-output>
          </reporter-output>
        </test-method> <!-- setUpClass -->
        <test-method status="PASS" signature="feature(cucumber.api.testng.CucumberFeatureWrapper)[pri:0, instance:runner.toolsQaRunner@380fb434]" name="feature" duration-ms="35526" started-at="2019-02-15T11:32:49Z" description="Runs Cucumber Feature" data-provider="features" finished-at="2019-02-15T11:33:25Z">
          <params>
            <param index="0">
              <value>
                <![CDATA[ToolsQa]]>
              </value>
            </param>
          </params>
          <reporter-output>
          </reporter-output>
        </test-method> <!-- feature -->
        <test-method status="PASS" signature="tearDownClass()[pri:0, instance:runner.toolsQaRunner@380fb434]" name="tearDownClass" is-config="true" duration-ms="26" started-at="2019-02-15T11:33:25Z" finished-at="2019-02-15T11:33:25Z">
          <reporter-output>
          </reporter-output>
        </test-method> <!-- tearDownClass -->
      </class> <!-- runner.toolsQaRunner -->
      <class name="runner.formRunner">
        <test-method status="PASS" signature="setUpClass()[pri:0, instance:runner.formRunner@668bc3d5]" name="setUpClass" is-config="true" duration-ms="48" started-at="2019-02-15T11:33:25Z" finished-at="2019-02-15T11:33:25Z">
          <reporter-output>
          </reporter-output>
        </test-method> <!-- setUpClass -->
        <test-method status="FAIL" signature="feature(cucumber.api.testng.CucumberFeatureWrapper)[pri:0, instance:runner.formRunner@668bc3d5]" name="feature" duration-ms="160922" started-at="2019-02-15T11:33:25Z" description="Runs Cucumber Feature" data-provider="features" finished-at="2019-02-15T11:36:06Z">
          <params>
            <param index="0">
              <value>
                <![CDATA[Forms]]>
              </value>
            </param>
          </params>
          <exception class="cucumber.runtime.CucumberException">
            <message>
              <![CDATA[java.lang.AssertionError: expected [true] but found [false]]]>
            </message>
            <full-stacktrace>
              <![CDATA[cucumber.runtime.CucumberException: java.lang.AssertionError: expected [true] but found [false]
at cucumber.api.testng.TestNGCucumberRunner.runCucumber(TestNGCucumberRunner.java:69)
at cucumber.api.testng.AbstractTestNGCucumberTests.feature(AbstractTestNGCucumberTests.java:21)
at sun.reflect.NativeMethodAccessorImpl.invoke0(Native Method)
at sun.reflect.NativeMethodAccessorImpl.invoke(NativeMethodAccessorImpl.java:62)
at sun.reflect.DelegatingMethodAccessorImpl.invoke(DelegatingMethodAccessorImpl.java:43)
at java.lang.reflect.Method.invoke(Method.java:498)
at org.testng.internal.MethodInvocationHelper.invokeMethod(MethodInvocationHelper.java:124)
at org.testng.internal.Invoker.invokeMethod(Invoker.java:583)
at org.testng.internal.Invoker.invokeTestMethod(Invoker.java:719)
at org.testng.internal.Invoker.invokeTestMethods(Invoker.java:989)
at org.testng.internal.TestMethodWorker.invokeTestMethods(TestMethodWorker.java:125)
at org.testng.internal.TestMethodWorker.run(TestMethodWorker.java:109)
at org.testng.TestRunner.privateRun(TestRunner.java:648)
at org.testng.TestRunner.run(TestRunner.java:505)
at org.testng.SuiteRunner.runTest(SuiteRunner.java:455)
at org.testng.SuiteRunner.runSequentially(SuiteRunner.java:450)
at org.testng.SuiteRunner.privateRun(SuiteRunner.java:415)
at org.testng.SuiteRunner.run(SuiteRunner.java:364)
at org.testng.SuiteRunnerWorker.runSuite(SuiteRunnerWorker.java:52)
at org.testng.SuiteRunnerWorker.run(SuiteRunnerWorker.java:84)
at org.testng.TestNG.runSuitesSequentially(TestNG.java:1208)
at org.testng.TestNG.runSuitesLocally(TestNG.java:1137)
at org.testng.TestNG.runSuites(TestNG.java:1049)
at org.testng.TestNG.run(TestNG.java:1017)
at org.testng.IDEARemoteTestNG.run(IDEARemoteTestNG.java:72)
at org.testng.RemoteTestNGStarter.main(RemoteTestNGStarter.java:123)
Caused by: java.lang.AssertionError: expected [true] but found [false]
at org.testng.Assert.fail(Assert.java:96)
at org.testng.Assert.failNotEquals(Assert.java:776)
at org.testng.Assert.assertTrue(Assert.java:44)
at org.testng.Assert.assertTrue(Assert.java:54)
at steps.formStep.getResponsePage(formStep.java:70)
at âœ½.Then I should see the submitted page(src/main/java/feature/fillOutForms.feature:16)
]]>
            </full-stacktrace>
          </exception> <!-- cucumber.runtime.CucumberException -->
          <reporter-output>
            <line>
              <![CDATA[0gg to submit]]>
            </line>
            <line>
              <![CDATA[1gg to submit]]>
            </line>
            <line>
              <![CDATA[2gg to submit]]>
            </line>
            <line>
              <![CDATA[3gg to submit]]>
            </line>
            <line>
              <![CDATA[4gg to submit]]>
            </line>
            <line>
              <![CDATA[5gg to submit]]>
            </line>
            <line>
              <![CDATA[6gg to submit]]>
            </line>
          </reporter-output>
        </test-method> <!-- feature -->
        <test-method status="PASS" signature="tearDownClass()[pri:0, instance:runner.formRunner@668bc3d5]" name="tearDownClass" is-config="true" duration-ms="28" started-at="2019-02-15T11:36:06Z" finished-at="2019-02-15T11:36:06Z">
          <reporter-output>
          </reporter-output>
        </test-method> <!-- tearDownClass -->
      </class> <!-- runner.formRunner -->
    </test> <!-- testngTest -->
  </suite> <!-- softwaretestingmaterial -->
</testng-results>
