<?xml version="1.0" encoding="UTF-8"?>
<!-- Generated by org.testng.reporters.JUnitXMLReporter -->
<testsuite hostname="dayah.local" ignored="0" name="testngTest" tests="2" failures="1" timestamp="15 Feb 2019 11:36:06 GMT" time="197.705" errors="0">
  <testcase name="feature" time="35.526" classname="cucumber.api.testng.AbstractTestNGCucumberTests"/>
  <testcase name="feature" time="160.922" classname="cucumber.api.testng.AbstractTestNGCucumberTests">
    <failure type="cucumber.runtime.CucumberException" message="java.lang.AssertionError: expected [true] but found [false]">
      <![CDATA[cucumber.runtime.CucumberException: java.lang.AssertionError: expected [true] but found [false]
at cucumber.api.testng.TestNGCucumberRunner.runCucumber(TestNGCucumberRunner.java:69)
at cucumber.api.testng.AbstractTestNGCucumberTests.feature(AbstractTestNGCucumberTests.java:21)
Caused by: java.lang.AssertionError: expected [true] but found [false]
at steps.formStep.getResponsePage(formStep.java:70)
at âœ½.Then I should see the submitted page(src/main/java/feature/fillOutForms.feature:16)
... Removed 28 stack frames]]>
    </failure>
  </testcase> <!-- feature -->
</testsuite> <!-- testngTest -->
